<?xml version="1.0" encoding="UTF-8"?>
<testng-results skipped="0" failed="0" ignored="0" total="1" passed="1">
  <reporter-output>
  </reporter-output>
  <suite name="Suite" duration-ms="110476" started-at="2019-05-09T14:07:07Z" finished-at="2019-05-09T14:08:57Z">
    <groups>
    </groups>
    <test name="Test" duration-ms="110476" started-at="2019-05-09T14:07:07Z" finished-at="2019-05-09T14:08:57Z">
      <class name="framework.Flights">
        <test-method status="PASS" signature="setupsuite()[pri:0, instance:framework.Flights@523884b2]" name="setupsuite" is-config="true" duration-ms="151" started-at="2019-05-09T19:37:06Z" finished-at="2019-05-09T19:37:07Z">
          <reporter-output>
          </reporter-output>
        </test-method> <!-- setupsuite -->
        <test-method status="PASS" signature="bc()[pri:0, instance:framework.Flights@523884b2]" name="bc" is-config="true" duration-ms="849" started-at="2019-05-09T19:37:07Z" finished-at="2019-05-09T19:37:07Z">
          <reporter-output>
          </reporter-output>
        </test-method> <!-- bc -->
        <test-method status="PASS" signature="flight()[pri:0, instance:framework.Flights@523884b2]" name="flight" duration-ms="109001" started-at="2019-05-09T19:37:07Z" finished-at="2019-05-09T19:38:56Z">
          <reporter-output>
          </reporter-output>
        </test-method> <!-- flight -->
        <test-method status="PASS" signature="teardown(org.testng.ITestResult)[pri:0, instance:framework.Flights@523884b2]" name="teardown" is-config="true" duration-ms="612" started-at="2019-05-09T19:38:56Z" finished-at="2019-05-09T19:38:57Z">
          <params>
            <param index="0">
              <value>
                <![CDATA[[TestResult name=flight status=SUCCESS method=Flights.flight()[pri:0, instance:framework.Flights@523884b2] output={null}]]]>
              </value>
            </param>
          </params>
          <reporter-output>
          </reporter-output>
        </test-method> <!-- teardown -->
      </class> <!-- framework.Flights -->
    </test> <!-- Test -->
  </suite> <!-- Suite -->
</testng-results>
